{
  "RSpec": {
    "coverage": {
      "/home/free-forum-9389/tic-tac-toe-rb-ruby-apply-000/lib/tic_tac_toe.rb": [
        1,
        315,
        null,
        null,
        1,
        null,
        1,
        45,
        289,
        null,
        45,
        26,
        null,
        45,
        null,
        null,
        1,
        30,
        149,
        null,
        null,
        null,
        1,
        29,
        6,
        null,
        null,
        null,
        1,
        22,
        10,
        null,
        null,
        null,
        1,
        11,
        6,
        null,
        null,
        null,
        1,
        22,
        22,
        198,
        32,
        null,
        null,
        22,
        null,
        null,
        1,
        21,
        14,
        null,
        7,
        null,
        null,
        null,
        1,
        25,
        25,
        25,
        25,
        25,
        null,
        null,
        1,
        24,
        null,
        null,
        1,
        23,
        null,
        null,
        1,
        24,
        null,
        null,
        1,
        21,
        21,
        21,
        21,
        20,
        20,
        null,
        1,
        null,
        null,
        null,
        1,
        12,
        18,
        null,
        12,
        3,
        null,
        9,
        null,
        null,
        null,
        null,
        null
      ]
    },
    "timestamp": 1601601728
  }
}
