{
  "RSpec": {
    "coverage": {
      "/home/free-forum-9389/tic-tac-toe-rb-ruby-apply-000/lib/tic_tac_toe.rb": [
        1,
        344,
        null,
        null,
        1,
        null,
        1,
        45,
        329,
        null,
        45,
        36,
        null,
        null,
        null,
        1,
        18,
        89,
        null,
        null,
        null,
        1,
        17,
        3,
        null,
        null,
        null,
        1,
        11,
        8,
        null,
        null,
        null,
        1,
        11,
        9,
        null,
        null,
        null,
        1,
        11,
        11,
        99,
        9,
        null,
        null,
        11,
        null,
        null,
        1,
        10,
        8,
        null,
        2,
        null,
        null,
        null,
        1,
        14,
        14,
        14,
        14,
        14,
        null,
        null,
        1,
        13,
        null,
        null,
        1,
        12,
        null,
        null,
        1,
        13,
        null,
        null,
        1,
        12,
        12,
        10,
        10,
        9,
        9,
        null,
        1,
        null,
        null,
        null,
        1,
        12,
        10,
        null,
        9,
        0,
        9,
        9,
        null,
        null,
        null,
        null,
        null
      ]
    },
    "timestamp": 1601601637
  }
}
